Determining if the pthread_create exist failed with the following output:
Change Dir: /usr/local/zed/sample/depth sensing/build/CMakeFiles/CMakeTmp

Run Build Command:"/usr/bin/make" "cmTC_62aed/fast"
/usr/bin/make -f CMakeFiles/cmTC_62aed.dir/build.make CMakeFiles/cmTC_62aed.dir/build
make[1]: Entering directory '/usr/local/zed/sample/depth sensing/build/CMakeFiles/CMakeTmp'
Building C object CMakeFiles/cmTC_62aed.dir/CheckSymbolExists.c.o
/usr/bin/cc    -fPIC    -o CMakeFiles/cmTC_62aed.dir/CheckSymbolExists.c.o   -c "/usr/local/zed/sample/depth sensing/build/CMakeFiles/CMakeTmp/CheckSymbolExists.c"
Linking C executable cmTC_62aed
/usr/bin/cmake -E cmake_link_script CMakeFiles/cmTC_62aed.dir/link.txt --verbose=1
/usr/bin/cc  -fPIC     CMakeFiles/cmTC_62aed.dir/CheckSymbolExists.c.o  -o cmTC_62aed -rdynamic 
CMakeFiles/cmTC_62aed.dir/CheckSymbolExists.c.o: In function `main':
CheckSymbolExists.c:(.text+0x1b): undefined reference to `pthread_create'
collect2: error: ld returned 1 exit status
CMakeFiles/cmTC_62aed.dir/build.make:97: recipe for target 'cmTC_62aed' failed
make[1]: *** [cmTC_62aed] Error 1
make[1]: Leaving directory '/usr/local/zed/sample/depth sensing/build/CMakeFiles/CMakeTmp'
Makefile:126: recipe for target 'cmTC_62aed/fast' failed
make: *** [cmTC_62aed/fast] Error 2

File /usr/local/zed/sample/depth sensing/build/CMakeFiles/CMakeTmp/CheckSymbolExists.c:
/* */
#include <pthread.h>

int main(int argc, char** argv)
{
  (void)argv;
#ifndef pthread_create
  return ((int*)(&pthread_create))[argc];
#else
  (void)argc;
  return 0;
#endif
}

Determining if the function pthread_create exists in the pthreads failed with the following output:
Change Dir: /usr/local/zed/sample/depth sensing/build/CMakeFiles/CMakeTmp

Run Build Command:"/usr/bin/make" "cmTC_af0b8/fast"
/usr/bin/make -f CMakeFiles/cmTC_af0b8.dir/build.make CMakeFiles/cmTC_af0b8.dir/build
make[1]: Entering directory '/usr/local/zed/sample/depth sensing/build/CMakeFiles/CMakeTmp'
Building C object CMakeFiles/cmTC_af0b8.dir/CheckFunctionExists.c.o
/usr/bin/cc    -fPIC -DCHECK_FUNCTION_EXISTS=pthread_create   -o CMakeFiles/cmTC_af0b8.dir/CheckFunctionExists.c.o   -c /usr/share/cmake-3.5/Modules/CheckFunctionExists.c
Linking C executable cmTC_af0b8
/usr/bin/cmake -E cmake_link_script CMakeFiles/cmTC_af0b8.dir/link.txt --verbose=1
/usr/bin/cc  -fPIC -DCHECK_FUNCTION_EXISTS=pthread_create    CMakeFiles/cmTC_af0b8.dir/CheckFunctionExists.c.o  -o cmTC_af0b8 -rdynamic -lpthreads 
/usr/bin/ld: cannot find -lpthreads
collect2: error: ld returned 1 exit status
CMakeFiles/cmTC_af0b8.dir/build.make:97: recipe for target 'cmTC_af0b8' failed
make[1]: *** [cmTC_af0b8] Error 1
make[1]: Leaving directory '/usr/local/zed/sample/depth sensing/build/CMakeFiles/CMakeTmp'
Makefile:126: recipe for target 'cmTC_af0b8/fast' failed
make: *** [cmTC_af0b8/fast] Error 2


